[debug] [2022-06-30T07:55:52.755Z] ----------------------------------------------------------------------
[debug] [2022-06-30T07:55:52.756Z] Command:       C:\Program Files\nodejs\node.exe C:\Users\Lenovo\AppData\Roaming\npm\node_modules\firebase-tools\lib\bin\firebase.js init
[debug] [2022-06-30T07:55:52.757Z] CLI Version:   11.1.0
[debug] [2022-06-30T07:55:52.757Z] Platform:      win32
[debug] [2022-06-30T07:55:52.757Z] Node Version:  v16.15.0
[debug] [2022-06-30T07:55:52.762Z] Time:          Thu Jun 30 2022 13:25:52 GMT+0530 (India Standard Time)
[debug] [2022-06-30T07:55:52.762Z] ----------------------------------------------------------------------
[debug] 
[debug] [2022-06-30T07:55:52.764Z] >>> [apiv2][query] GET https://firebase-public.firebaseio.com/cli.json [none]
[debug] [2022-06-30T07:55:52.834Z] > command requires scopes: ["email","openid","https://www.googleapis.com/auth/cloudplatformprojects.readonly","https://www.googleapis.com/auth/firebase","https://www.googleapis.com/auth/cloud-platform"]
[debug] [2022-06-30T07:55:52.835Z] > authorizing via signed-in user (ritishjaiswal20@gmail.com)
[info] 
     ######## #### ########  ######## ########     ###     ######  ########
     ##        ##  ##     ## ##       ##     ##  ##   ##  ##       ##
     ######    ##  ########  ######   ########  #########  ######  ######
     ##        ##  ##    ##  ##       ##     ## ##     ##       ## ##
     ##       #### ##     ## ######## ########  ##     ##  ######  ########

You're about to initialize a Firebase project in this directory:

  F:\quiz app\my-app

Before we get started, keep in mind:

  * You are initializing within an existing Firebase project directory

[debug] [2022-06-30T07:55:54.126Z] <<< [apiv2][status] GET https://firebase-public.firebaseio.com/cli.json 200
[debug] [2022-06-30T07:55:54.127Z] <<< [apiv2][body] GET https://firebase-public.firebaseio.com/cli.json {"cloudBuildErrorAfter":1594252800000,"cloudBuildWarnAfter":1590019200000,"defaultNode10After":1594252800000,"minVersion":"3.0.5","node8DeploysDisabledAfter":1613390400000,"node8RuntimeDisabledAfter":1615809600000,"node8WarnAfter":1600128000000}
